# JRE version: Java(TM) SE Runtime Environment (7.0_65-b17) (build 1.7.0_65-b17)
# Java VM: Java HotSpot(TM) 64-Bit Server VM (24.65-b04 mixed mode bsd-amd64 compressed oops)
Heap
 PSYoungGen      total 63488K, used 16585K [0x00000007eaa80000, 0x00000007f1b00000, 0x0000000800000000)
  eden space 62464K, 25% used [0x00000007eaa80000,0x00000007eba25608,0x00000007ee780000)
  from space 1024K, 55% used [0x00000007f0e00000,0x00000007f0e8d030,0x00000007f0f00000)
  to   space 7168K, 0% used [0x00000007f1400000,0x00000007f1400000,0x00000007f1b00000)
 ParOldGen       total 43520K, used 13927K [0x00000007c0000000, 0x00000007c2a80000, 0x00000007eaa80000)
  object space 43520K, 32% used [0x00000007c0000000,0x00000007c0d99fd8,0x00000007c2a80000)
 PSPermGen       total 24576K, used 24468K [0x00000007bae00000, 0x00000007bc600000, 0x00000007c0000000)
  object space 24576K, 99% used [0x00000007bae00000,0x00000007bc5e5138,0x00000007bc600000)
GC Heap History (10 events):
Event: 16.644 GC heap before
{Heap before GC invocations=7 (full 0):
 PSYoungGen      total 39424K, used 38073K [0x00000007eaa80000, 0x00000007ed680000, 0x0000000800000000)
  eden space 33792K, 100% used [0x00000007eaa80000,0x00000007ecb80000,0x00000007ecb80000)
  from space 5632K, 76% used [0x00000007ed100000,0x00000007ed52e4c8,0x00000007ed680000)
  to   space 5632K, 0% used [0x00000007ecb80000,0x00000007ecb80000,0x00000007ed100000)
 ParOldGen       total 43520K, used 9787K [0x00000007c0000000, 0x00000007c2a80000, 0x00000007eaa80000)
  object space 43520K, 22% used [0x00000007c0000000,0x00000007c098ef48,0x00000007c2a80000)
 PSPermGen       total 24576K, used 24300K [0x00000007bae00000, 0x00000007bc600000, 0x00000007c0000000)
  object space 24576K, 98% used [0x00000007bae00000,0x00000007bc5bb1b0,0x00000007bc600000)
Event: 16.702 GC heap after
Heap after GC invocations=7 (full 0):
 PSYoungGen      total 39424K, used 4932K [0x00000007eaa80000, 0x00000007ef780000, 0x0000000800000000)
  eden space 33792K, 0% used [0x00000007eaa80000,0x00000007eaa80000,0x00000007ecb80000)
  from space 5632K, 87% used [0x00000007ecb80000,0x00000007ed051360,0x00000007ed100000)
  to   space 5632K, 0% used [0x00000007ef200000,0x00000007ef200000,0x00000007ef780000)
 ParOldGen       total 43520K, used 10691K [0x00000007c0000000, 0x00000007c2a80000, 0x00000007eaa80000)
  object space 43520K, 24% used [0x00000007c0000000,0x00000007c0a70f98,0x00000007c2a80000)
 PSPermGen       total 24576K, used 24300K [0x00000007bae00000, 0x00000007bc600000, 0x00000007c0000000)
  object space 24576K, 98% used [0x00000007bae00000,0x00000007bc5bb1b0,0x00000007bc600000)
}
Event: 36.615 GC heap before
{Heap before GC invocations=8 (full 0):
 PSYoungGen      total 39424K, used 38724K [0x00000007eaa80000, 0x00000007ef780000, 0x0000000800000000)
  eden space 33792K, 100% used [0x00000007eaa80000,0x00000007ecb80000,0x00000007ecb80000)
  from space 5632K, 87% used [0x00000007ecb80000,0x00000007ed051360,0x00000007ed100000)
  to   space 5632K, 0% used [0x00000007ef200000,0x00000007ef200000,0x00000007ef780000)
 ParOldGen       total 43520K, used 10691K [0x00000007c0000000, 0x00000007c2a80000, 0x00000007eaa80000)
  object space 43520K, 24% used [0x00000007c0000000,0x00000007c0a70f98,0x00000007c2a80000)
 PSPermGen       total 24576K, used 24381K [0x00000007bae00000, 0x00000007bc600000, 0x00000007c0000000)
  object space 24576K, 99% used [0x00000007bae00000,0x00000007bc5cf458,0x00000007bc600000)
Event: 36.632 GC heap after
Heap after GC invocations=8 (full 0):
 PSYoungGen      total 73216K, used 2720K [0x00000007eaa80000, 0x00000007ef780000, 0x0000000800000000)
  eden space 67584K, 0% used [0x00000007eaa80000,0x00000007eaa80000,0x00000007eec80000)
  from space 5632K, 48% used [0x00000007ef200000,0x00000007ef4a8070,0x00000007ef780000)
  to   space 5632K, 0% used [0x00000007eec80000,0x00000007eec80000,0x00000007ef200000)
 ParOldGen       total 43520K, used 11395K [0x00000007c0000000, 0x00000007c2a80000, 0x00000007eaa80000)
  object space 43520K, 26% used [0x00000007c0000000,0x00000007c0b20f98,0x00000007c2a80000)
 PSPermGen       total 24576K, used 24381K [0x00000007bae00000, 0x00000007bc600000, 0x00000007c0000000)
  object space 24576K, 99% used [0x00000007bae00000,0x00000007bc5cf458,0x00000007bc600000)
}
Event: 50.524 GC heap before
{Heap before GC invocations=9 (full 0):
 PSYoungGen      total 73216K, used 70304K [0x00000007eaa80000, 0x00000007ef780000, 0x0000000800000000)
  eden space 67584K, 100% used [0x00000007eaa80000,0x00000007eec80000,0x00000007eec80000)
  from space 5632K, 48% used [0x00000007ef200000,0x00000007ef4a8070,0x00000007ef780000)
  to   space 5632K, 0% used [0x00000007eec80000,0x00000007eec80000,0x00000007ef200000)
 ParOldGen       total 43520K, used 11395K [0x00000007c0000000, 0x00000007c2a80000, 0x00000007eaa80000)
  object space 43520K, 26% used [0x00000007c0000000,0x00000007c0b20f98,0x00000007c2a80000)
 PSPermGen       total 24576K, used 24403K [0x00000007bae00000, 0x00000007bc600000, 0x00000007c0000000)
  object space 24576K, 99% used [0x00000007bae00000,0x00000007bc5d4ee0,0x00000007bc600000)
Event: 50.540 GC heap after
Heap after GC invocations=9 (full 0):
 PSYoungGen      total 73216K, used 1204K [0x00000007eaa80000, 0x00000007f2080000, 0x0000000800000000)
  eden space 67584K, 0% used [0x00000007eaa80000,0x00000007eaa80000,0x00000007eec80000)
  from space 5632K, 21% used [0x00000007eec80000,0x00000007eedad030,0x00000007ef200000)
  to   space 6144K, 0% used [0x00000007f1a80000,0x00000007f1a80000,0x00000007f2080000)
 ParOldGen       total 43520K, used 12820K [0x00000007c0000000, 0x00000007c2a80000, 0x00000007eaa80000)
  object space 43520K, 29% used [0x00000007c0000000,0x00000007c0c85088,0x00000007c2a80000)
 PSPermGen       total 24576K, used 24403K [0x00000007bae00000, 0x00000007bc600000, 0x00000007c0000000)
  object space 24576K, 99% used [0x00000007bae00000,0x00000007bc5d4ee0,0x00000007bc600000)
}
Event: 509.190 GC heap before
{Heap before GC invocations=10 (full 0):
 PSYoungGen      total 73216K, used 68788K [0x00000007eaa80000, 0x00000007f2080000, 0x0000000800000000)
  eden space 67584K, 100% used [0x00000007eaa80000,0x00000007eec80000,0x00000007eec80000)
  from space 5632K, 21% used [0x00000007eec80000,0x00000007eedad030,0x00000007ef200000)
  to   space 6144K, 0% used [0x00000007f1a80000,0x00000007f1a80000,0x00000007f2080000)
 ParOldGen       total 43520K, used 12820K [0x00000007c0000000, 0x00000007c2a80000, 0x00000007eaa80000)
  object space 43520K, 29% used [0x00000007c0000000,0x00000007c0c85088,0x00000007c2a80000)
 PSPermGen       total 24576K, used 24443K [0x00000007bae00000, 0x00000007bc600000, 0x00000007c0000000)
  object space 24576K, 99% used [0x00000007bae00000,0x00000007bc5ded80,0x00000007bc600000)
Event: 509.199 GC heap after
Heap after GC invocations=10 (full 0):
 PSYoungGen      total 65536K, used 160K [0x00000007eaa80000, 0x00000007f1b00000, 0x0000000800000000)
  eden space 65024K, 0% used [0x00000007eaa80000,0x00000007eaa80000,0x00000007eea00000)
  from space 512K, 31% used [0x00000007f1a80000,0x00000007f1aa8000,0x00000007f1b00000)
  to   space 6656K, 0% used [0x00000007f0e00000,0x00000007f0e00000,0x00000007f1480000)
 ParOldGen       total 43520K, used 13879K [0x00000007c0000000, 0x00000007c2a80000, 0x00000007eaa80000)
  object space 43520K, 31% used [0x00000007c0000000,0x00000007c0d8dfd8,0x00000007c2a80000)
 PSPermGen       total 24576K, used 24443K [0x00000007bae00000, 0x00000007bc600000, 0x00000007c0000000)
  object space 24576K, 99% used [0x00000007bae00000,0x00000007bc5ded80,0x00000007bc600000)
}
Event: 602.705 GC heap before
{Heap before GC invocations=11 (full 0):
 PSYoungGen      total 65536K, used 65184K [0x00000007eaa80000, 0x00000007f1b00000, 0x0000000800000000)
  eden space 65024K, 100% used [0x00000007eaa80000,0x00000007eea00000,0x00000007eea00000)
  from space 512K, 31% used [0x00000007f1a80000,0x00000007f1aa8000,0x00000007f1b00000)
  to   space 6656K, 0% used [0x00000007f0e00000,0x00000007f0e00000,0x00000007f1480000)
 ParOldGen       total 43520K, used 13879K [0x00000007c0000000, 0x00000007c2a80000, 0x00000007eaa80000)
  object space 43520K, 31% used [0x00000007c0000000,0x00000007c0d8dfd8,0x00000007c2a80000)
 PSPermGen       total 24576K, used 24464K [0x00000007bae00000, 0x00000007bc600000, 0x00000007c0000000)
  object space 24576K, 99% used [0x00000007bae00000,0x00000007bc5e40c0,0x00000007bc600000)
Event: 602.716 GC heap after
Heap after GC invocations=11 (full 0):
 PSYoungGen      total 63488K, used 564K [0x00000007eaa80000, 0x00000007f1b00000, 0x0000000800000000)
  eden space 62464K, 0% used [0x00000007eaa80000,0x00000007eaa80000,0x00000007ee780000)
  from space 1024K, 55% used [0x00000007f0e00000,0x00000007f0e8d030,0x00000007f0f00000)
  to   space 7168K, 0% used [0x00000007f1400000,0x00000007f1400000,0x00000007f1b00000)
 ParOldGen       total 43520K, used 13927K [0x00000007c0000000, 0x00000007c2a80000, 0x00000007eaa80000)
  object space 43520K, 32% used [0x00000007c0000000,0x00000007c0d99fd8,0x00000007c2a80000)
 PSPermGen       total 24576K, used 24464K [0x00000007bae00000, 0x00000007bc600000, 0x00000007c0000000)
  object space 24576K, 99% used [0x00000007bae00000,0x00000007bc5e40c0,0x00000007bc600000)
}

