# JRE version: Java(TM) SE Runtime Environment (7.0_65-b17) (build 1.7.0_65-b17)
# Java VM: Java HotSpot(TM) 64-Bit Server VM (24.65-b04 mixed mode bsd-amd64 compressed oops)
Heap
 PSYoungGen      total 70144K, used 61347K [0x0000000143780000, 0x0000000147e80000, 0x0000000158d00000)
  eden space 67584K, 87% used [0x0000000143780000,0x00000001470f0f40,0x0000000147980000)
  from space 2560K, 98% used [0x0000000147c00000,0x0000000147e78020,0x0000000147e80000)
  to   space 2560K, 0% used [0x0000000147980000,0x0000000147980000,0x0000000147c00000)
 ParOldGen       total 43520K, used 11353K [0x0000000118d00000, 0x000000011b780000, 0x0000000143780000)
  object space 43520K, 26% used [0x0000000118d00000,0x00000001198165c0,0x000000011b780000)
 PSPermGen       total 28160K, used 27652K [0x0000000113b00000, 0x0000000115680000, 0x0000000118d00000)
  object space 28160K, 98% used [0x0000000113b00000,0x0000000115601378,0x0000000115680000)
GC Heap History (8 events):
Event: 1.166 GC heap before
{Heap before GC invocations=1 (full 0):
 PSYoungGen      total 19456K, used 16896K [0x0000000143780000, 0x0000000144d00000, 0x0000000158d00000)
  eden space 16896K, 100% used [0x0000000143780000,0x0000000144800000,0x0000000144800000)
  from space 2560K, 0% used [0x0000000144a80000,0x0000000144a80000,0x0000000144d00000)
  to   space 2560K, 0% used [0x0000000144800000,0x0000000144800000,0x0000000144a80000)
 ParOldGen       total 43520K, used 0K [0x0000000118d00000, 0x000000011b780000, 0x0000000143780000)
  object space 43520K, 0% used [0x0000000118d00000,0x0000000118d00000,0x000000011b780000)
 PSPermGen       total 21504K, used 7995K [0x0000000113b00000, 0x0000000115000000, 0x0000000118d00000)
  object space 21504K, 37% used [0x0000000113b00000,0x00000001142cee98,0x0000000115000000)
Event: 1.179 GC heap after
Heap after GC invocations=1 (full 0):
 PSYoungGen      total 19456K, used 2546K [0x0000000143780000, 0x0000000145d80000, 0x0000000158d00000)
  eden space 16896K, 0% used [0x0000000143780000,0x0000000143780000,0x0000000144800000)
  from space 2560K, 99% used [0x0000000144800000,0x0000000144a7cb70,0x0000000144a80000)
  to   space 2560K, 0% used [0x0000000145b00000,0x0000000145b00000,0x0000000145d80000)
 ParOldGen       total 43520K, used 1357K [0x0000000118d00000, 0x000000011b780000, 0x0000000143780000)
  object space 43520K, 3% used [0x0000000118d00000,0x0000000118e53570,0x000000011b780000)
 PSPermGen       total 21504K, used 7995K [0x0000000113b00000, 0x0000000115000000, 0x0000000118d00000)
  object space 21504K, 37% used [0x0000000113b00000,0x00000001142cee98,0x0000000115000000)
}
Event: 2.155 GC heap before
{Heap before GC invocations=2 (full 0):
 PSYoungGen      total 19456K, used 19442K [0x0000000143780000, 0x0000000145d80000, 0x0000000158d00000)
  eden space 16896K, 100% used [0x0000000143780000,0x0000000144800000,0x0000000144800000)
  from space 2560K, 99% used [0x0000000144800000,0x0000000144a7cb70,0x0000000144a80000)
  to   space 2560K, 0% used [0x0000000145b00000,0x0000000145b00000,0x0000000145d80000)
 ParOldGen       total 43520K, used 1357K [0x0000000118d00000, 0x000000011b780000, 0x0000000143780000)
  object space 43520K, 3% used [0x0000000118d00000,0x0000000118e53570,0x000000011b780000)
 PSPermGen       total 21504K, used 12643K [0x0000000113b00000, 0x0000000115000000, 0x0000000118d00000)
  object space 21504K, 58% used [0x0000000113b00000,0x0000000114758e00,0x0000000115000000)
Event: 2.173 GC heap after
Heap after GC invocations=2 (full 0):
 PSYoungGen      total 36352K, used 2535K [0x0000000143780000, 0x0000000145d80000, 0x0000000158d00000)
  eden space 33792K, 0% used [0x0000000143780000,0x0000000143780000,0x0000000145880000)
  from space 2560K, 99% used [0x0000000145b00000,0x0000000145d79d10,0x0000000145d80000)
  to   space 2560K, 0% used [0x0000000145880000,0x0000000145880000,0x0000000145b00000)
 ParOldGen       total 43520K, used 3303K [0x0000000118d00000, 0x000000011b780000, 0x0000000143780000)
  object space 43520K, 7% used [0x0000000118d00000,0x0000000119039dd8,0x000000011b780000)
 PSPermGen       total 21504K, used 12643K [0x0000000113b00000, 0x0000000115000000, 0x0000000118d00000)
  object space 21504K, 58% used [0x0000000113b00000,0x0000000114758e00,0x0000000115000000)
}
Event: 3.309 GC heap before
{Heap before GC invocations=3 (full 0):
 PSYoungGen      total 36352K, used 36327K [0x0000000143780000, 0x0000000145d80000, 0x0000000158d00000)
  eden space 33792K, 100% used [0x0000000143780000,0x0000000145880000,0x0000000145880000)
  from space 2560K, 99% used [0x0000000145b00000,0x0000000145d79d10,0x0000000145d80000)
  to   space 2560K, 0% used [0x0000000145880000,0x0000000145880000,0x0000000145b00000)
 ParOldGen       total 43520K, used 3303K [0x0000000118d00000, 0x000000011b780000, 0x0000000143780000)
  object space 43520K, 7% used [0x0000000118d00000,0x0000000119039dd8,0x000000011b780000)
 PSPermGen       total 21504K, used 15577K [0x0000000113b00000, 0x0000000115000000, 0x0000000118d00000)
  object space 21504K, 72% used [0x0000000113b00000,0x0000000114a36400,0x0000000115000000)
Event: 3.327 GC heap after
Heap after GC invocations=3 (full 0):
 PSYoungGen      total 36352K, used 2560K [0x0000000143780000, 0x0000000147e80000, 0x0000000158d00000)
  eden space 33792K, 0% used [0x0000000143780000,0x0000000143780000,0x0000000145880000)
  from space 2560K, 100% used [0x0000000145880000,0x0000000145b00000,0x0000000145b00000)
  to   space 2560K, 0% used [0x0000000147c00000,0x0000000147c00000,0x0000000147e80000)
 ParOldGen       total 43520K, used 5581K [0x0000000118d00000, 0x000000011b780000, 0x0000000143780000)
  object space 43520K, 12% used [0x0000000118d00000,0x0000000119273660,0x000000011b780000)
 PSPermGen       total 21504K, used 15577K [0x0000000113b00000, 0x0000000115000000, 0x0000000118d00000)
  object space 21504K, 72% used [0x0000000113b00000,0x0000000114a36400,0x0000000115000000)
}
Event: 4.796 GC heap before
{Heap before GC invocations=4 (full 0):
 PSYoungGen      total 36352K, used 36352K [0x0000000143780000, 0x0000000147e80000, 0x0000000158d00000)
  eden space 33792K, 100% used [0x0000000143780000,0x0000000145880000,0x0000000145880000)
  from space 2560K, 100% used [0x0000000145880000,0x0000000145b00000,0x0000000145b00000)
  to   space 2560K, 0% used [0x0000000147c00000,0x0000000147c00000,0x0000000147e80000)
 ParOldGen       total 43520K, used 5581K [0x0000000118d00000, 0x000000011b780000, 0x0000000143780000)
  object space 43520K, 12% used [0x0000000118d00000,0x0000000119273660,0x000000011b780000)
 PSPermGen       total 21504K, used 20965K [0x0000000113b00000, 0x0000000115000000, 0x0000000118d00000)
  object space 21504K, 97% used [0x0000000113b00000,0x0000000114f79588,0x0000000115000000)
Event: 4.831 GC heap after
Heap after GC invocations=4 (full 0):
 PSYoungGen      total 70144K, used 2528K [0x0000000143780000, 0x0000000147e80000, 0x0000000158d00000)
  eden space 67584K, 0% used [0x0000000143780000,0x0000000143780000,0x0000000147980000)
  from space 2560K, 98% used [0x0000000147c00000,0x0000000147e78020,0x0000000147e80000)
  to   space 2560K, 0% used [0x0000000147980000,0x0000000147980000,0x0000000147c00000)
 ParOldGen       total 43520K, used 11353K [0x0000000118d00000, 0x000000011b780000, 0x0000000143780000)
  object space 43520K, 26% used [0x0000000118d00000,0x00000001198165c0,0x000000011b780000)
 PSPermGen       total 21504K, used 20965K [0x0000000113b00000, 0x0000000115000000, 0x0000000118d00000)
  object space 21504K, 97% used [0x0000000113b00000,0x0000000114f79588,0x0000000115000000)
}

