# JRE version: Java(TM) SE Runtime Environment (7.0_60-b19) (build 1.7.0_60-b19)
# Java VM: Java HotSpot(TM) 64-Bit Server VM (24.60-b09 mixed mode bsd-amd64 compressed oops)
Heap
 PSYoungGen      total 60928K, used 5511K [0x00000007eaa80000, 0x00000007f2f00000, 0x0000000800000000)
  eden space 60416K, 8% used [0x00000007eaa80000,0x00000007eafc9df0,0x00000007ee580000)
  from space 512K, 18% used [0x00000007f2e80000,0x00000007f2e98000,0x00000007f2f00000)
  to   space 9216K, 0% used [0x00000007f1d00000,0x00000007f1d00000,0x00000007f2600000)
 ParOldGen       total 43520K, used 14719K [0x00000007c0000000, 0x00000007c2a80000, 0x00000007eaa80000)
  object space 43520K, 33% used [0x00000007c0000000,0x00000007c0e5fd08,0x00000007c2a80000)
 PSPermGen       total 21504K, used 20855K [0x00000007bae00000, 0x00000007bc300000, 0x00000007c0000000)
  object space 21504K, 96% used [0x00000007bae00000,0x00000007bc25dec0,0x00000007bc300000)
GC Heap History (10 events):
Event: 93.489 GC heap before
{Heap before GC invocations=4 (full 0):
 PSYoungGen      total 36352K, used 36167K [0x00000007eaa80000, 0x00000007ef180000, 0x0000000800000000)
  eden space 33792K, 99% used [0x00000007eaa80000,0x00000007ecb59d90,0x00000007ecb80000)
  from space 2560K, 98% used [0x00000007ecb80000,0x00000007ecdf8060,0x00000007ece00000)
  to   space 2560K, 0% used [0x00000007eef00000,0x00000007eef00000,0x00000007ef180000)
 ParOldGen       total 43520K, used 9033K [0x00000007c0000000, 0x00000007c2a80000, 0x00000007eaa80000)
  object space 43520K, 20% used [0x00000007c0000000,0x00000007c08d24b0,0x00000007c2a80000)
 PSPermGen       total 21504K, used 20782K [0x00000007bae00000, 0x00000007bc300000, 0x00000007c0000000)
  object space 21504K, 96% used [0x00000007bae00000,0x00000007bc24b930,0x00000007bc300000)
Event: 93.522 GC heap after
Heap after GC invocations=4 (full 0):
 PSYoungGen      total 70144K, used 2544K [0x00000007eaa80000, 0x00000007ef180000, 0x0000000800000000)
  eden space 67584K, 0% used [0x00000007eaa80000,0x00000007eaa80000,0x00000007eec80000)
  from space 2560K, 99% used [0x00000007eef00000,0x00000007ef17c020,0x00000007ef180000)
  to   space 2560K, 0% used [0x00000007eec80000,0x00000007eec80000,0x00000007eef00000)
 ParOldGen       total 43520K, used 11970K [0x00000007c0000000, 0x00000007c2a80000, 0x00000007eaa80000)
  object space 43520K, 27% used [0x00000007c0000000,0x00000007c0bb0860,0x00000007c2a80000)
 PSPermGen       total 21504K, used 20782K [0x00000007bae00000, 0x00000007bc300000, 0x00000007c0000000)
  object space 21504K, 96% used [0x00000007bae00000,0x00000007bc24b930,0x00000007bc300000)
}
Event: 12946.415 GC heap before
{Heap before GC invocations=5 (full 0):
 PSYoungGen      total 70144K, used 70128K [0x00000007eaa80000, 0x00000007ef180000, 0x0000000800000000)
  eden space 67584K, 100% used [0x00000007eaa80000,0x00000007eec80000,0x00000007eec80000)
  from space 2560K, 99% used [0x00000007eef00000,0x00000007ef17c020,0x00000007ef180000)
  to   space 2560K, 0% used [0x00000007eec80000,0x00000007eec80000,0x00000007eef00000)
 ParOldGen       total 43520K, used 11970K [0x00000007c0000000, 0x00000007c2a80000, 0x00000007eaa80000)
  object space 43520K, 27% used [0x00000007c0000000,0x00000007c0bb0860,0x00000007c2a80000)
 PSPermGen       total 21504K, used 20837K [0x00000007bae00000, 0x00000007bc300000, 0x00000007c0000000)
  object space 21504K, 96% used [0x00000007bae00000,0x00000007bc259418,0x00000007bc300000)
Event: 12946.541 GC heap after
Heap after GC invocations=5 (full 0):
 PSYoungGen      total 70144K, used 2544K [0x00000007eaa80000, 0x00000007f3e80000, 0x0000000800000000)
  eden space 67584K, 0% used [0x00000007eaa80000,0x00000007eaa80000,0x00000007eec80000)
  from space 2560K, 99% used [0x00000007eec80000,0x00000007eeefc020,0x00000007eef00000)
  to   space 8192K, 0% used [0x00000007f3680000,0x00000007f3680000,0x00000007f3e80000)
 ParOldGen       total 43520K, used 12525K [0x00000007c0000000, 0x00000007c2a80000, 0x00000007eaa80000)
  object space 43520K, 28% used [0x00000007c0000000,0x00000007c0c3b458,0x00000007c2a80000)
 PSPermGen       total 21504K, used 20837K [0x00000007bae00000, 0x00000007bc300000, 0x00000007c0000000)
  object space 21504K, 96% used [0x00000007bae00000,0x00000007bc259418,0x00000007bc300000)
}
Event: 27128.854 GC heap before
{Heap before GC invocations=6 (full 0):
 PSYoungGen      total 70144K, used 70128K [0x00000007eaa80000, 0x00000007f3e80000, 0x0000000800000000)
  eden space 67584K, 100% used [0x00000007eaa80000,0x00000007eec80000,0x00000007eec80000)
  from space 2560K, 99% used [0x00000007eec80000,0x00000007eeefc020,0x00000007eef00000)
  to   space 8192K, 0% used [0x00000007f3680000,0x00000007f3680000,0x00000007f3e80000)
 ParOldGen       total 43520K, used 12525K [0x00000007c0000000, 0x00000007c2a80000, 0x00000007eaa80000)
  object space 43520K, 28% used [0x00000007c0000000,0x00000007c0c3b458,0x00000007c2a80000)
 PSPermGen       total 21504K, used 20837K [0x00000007bae00000, 0x00000007bc300000, 0x00000007c0000000)
  object space 21504K, 96% used [0x00000007bae00000,0x00000007bc2595b8,0x00000007bc300000)
Event: 27128.957 GC heap after
Heap after GC invocations=6 (full 0):
 PSYoungGen      total 67584K, used 2224K [0x00000007eaa80000, 0x00000007f3900000, 0x0000000800000000)
  eden space 65024K, 0% used [0x00000007eaa80000,0x00000007eaa80000,0x00000007eea00000)
  from space 2560K, 86% used [0x00000007f3680000,0x00000007f38ac020,0x00000007f3900000)
  to   space 8704K, 0% used [0x00000007f2800000,0x00000007f2800000,0x00000007f3080000)
 ParOldGen       total 43520K, used 12525K [0x00000007c0000000, 0x00000007c2a80000, 0x00000007eaa80000)
  object space 43520K, 28% used [0x00000007c0000000,0x00000007c0c3b458,0x00000007c2a80000)
 PSPermGen       total 21504K, used 20837K [0x00000007bae00000, 0x00000007bc300000, 0x00000007c0000000)
  object space 21504K, 96% used [0x00000007bae00000,0x00000007bc2595b8,0x00000007bc300000)
}
Event: 56783.197 GC heap before
{Heap before GC invocations=7 (full 0):
 PSYoungGen      total 67584K, used 67248K [0x00000007eaa80000, 0x00000007f3900000, 0x0000000800000000)
  eden space 65024K, 100% used [0x00000007eaa80000,0x00000007eea00000,0x00000007eea00000)
  from space 2560K, 86% used [0x00000007f3680000,0x00000007f38ac020,0x00000007f3900000)
  to   space 8704K, 0% used [0x00000007f2800000,0x00000007f2800000,0x00000007f3080000)
 ParOldGen       total 43520K, used 12525K [0x00000007c0000000, 0x00000007c2a80000, 0x00000007eaa80000)
  object space 43520K, 28% used [0x00000007c0000000,0x00000007c0c3b458,0x00000007c2a80000)
 PSPermGen       total 21504K, used 20842K [0x00000007bae00000, 0x00000007bc300000, 0x00000007c0000000)
  object space 21504K, 96% used [0x00000007bae00000,0x00000007bc25a8e0,0x00000007bc300000)
Event: 56783.310 GC heap after
Heap after GC invocations=7 (full 0):
 PSYoungGen      total 64000K, used 1376K [0x00000007eaa80000, 0x00000007f3700000, 0x0000000800000000)
  eden space 62464K, 0% used [0x00000007eaa80000,0x00000007eaa80000,0x00000007ee780000)
  from space 1536K, 89% used [0x00000007f2800000,0x00000007f2958010,0x00000007f2980000)
  to   space 8704K, 0% used [0x00000007f2e80000,0x00000007f2e80000,0x00000007f3700000)
 ParOldGen       total 43520K, used 13381K [0x00000007c0000000, 0x00000007c2a80000, 0x00000007eaa80000)
  object space 43520K, 30% used [0x00000007c0000000,0x00000007c0d114a8,0x00000007c2a80000)
 PSPermGen       total 21504K, used 20842K [0x00000007bae00000, 0x00000007bc300000, 0x00000007c0000000)
  object space 21504K, 96% used [0x00000007bae00000,0x00000007bc25a8e0,0x00000007bc300000)
}
Event: 74531.482 GC heap before
{Heap before GC invocations=8 (full 0):
 PSYoungGen      total 64000K, used 63840K [0x00000007eaa80000, 0x00000007f3700000, 0x0000000800000000)
  eden space 62464K, 100% used [0x00000007eaa80000,0x00000007ee780000,0x00000007ee780000)
  from space 1536K, 89% used [0x00000007f2800000,0x00000007f2958010,0x00000007f2980000)
  to   space 8704K, 0% used [0x00000007f2e80000,0x00000007f2e80000,0x00000007f3700000)
 ParOldGen       total 43520K, used 13381K [0x00000007c0000000, 0x00000007c2a80000, 0x00000007eaa80000)
  object space 43520K, 30% used [0x00000007c0000000,0x00000007c0d114a8,0x00000007c2a80000)
 PSPermGen       total 21504K, used 20842K [0x00000007bae00000, 0x00000007bc300000, 0x00000007c0000000)
  object space 21504K, 96% used [0x00000007bae00000,0x00000007bc25a8e0,0x00000007bc300000)
Event: 74531.875 GC heap after
Heap after GC invocations=8 (full 0):
 PSYoungGen      total 60928K, used 96K [0x00000007eaa80000, 0x00000007f2f00000, 0x0000000800000000)
  eden space 60416K, 0% used [0x00000007eaa80000,0x00000007eaa80000,0x00000007ee580000)
  from space 512K, 18% used [0x00000007f2e80000,0x00000007f2e98000,0x00000007f2f00000)
  to   space 9216K, 0% used [0x00000007f1d00000,0x00000007f1d00000,0x00000007f2600000)
 ParOldGen       total 43520K, used 14719K [0x00000007c0000000, 0x00000007c2a80000, 0x00000007eaa80000)
  object space 43520K, 33% used [0x00000007c0000000,0x00000007c0e5fd08,0x00000007c2a80000)
 PSPermGen       total 21504K, used 20842K [0x00000007bae00000, 0x00000007bc300000, 0x00000007c0000000)
  object space 21504K, 96% used [0x00000007bae00000,0x00000007bc25a8e0,0x00000007bc300000)
}

